2023-07-31 09:33:28.675 [background-preinit] INFO  org.hibernate.validator.internal.util.Version - HV000001: Hibernate Validator 6.0.21.Final
2023-07-31 09:33:28.732 [restartedMain] INFO  com.ean.yygh.hosp.ServiceHospApplication - Starting ServiceHospApplication on LAPTOP-HGHLJ3SA with PID 25532 (E:\runoob\Git-Repository\Avenuscloud\yygh_parent\service\service-hosp\target\classes started by Asphyxia in E:\runoob\Git-Repository\Avenuscloud\yygh_parent)
2023-07-31 09:33:28.733 [restartedMain] INFO  com.ean.yygh.hosp.ServiceHospApplication - The following profiles are active: dev
2023-07-31 09:33:28.788 [restartedMain] INFO  o.s.boot.devtools.restart.ChangeableUrls - The Class-Path manifest attribute in D:\apache-maven-3.8.6\mvn_reposity\com\sun\xml\bind\jaxb-impl\2.1\jaxb-impl-2.1.jar referenced one or more files that do not exist: file:/D:/apache-maven-3.8.6/mvn_reposity/com/sun/xml/bind/jaxb-impl/2.1/jaxb-api.jar,file:/D:/apache-maven-3.8.6/mvn_reposity/com/sun/xml/bind/jaxb-impl/2.1/activation.jar,file:/D:/apache-maven-3.8.6/mvn_reposity/com/sun/xml/bind/jaxb-impl/2.1/jsr173_1.0_api.jar,file:/D:/apache-maven-3.8.6/mvn_reposity/com/sun/xml/bind/jaxb-impl/2.1/jaxb1-impl.jar
2023-07-31 09:33:28.788 [restartedMain] INFO  o.s.b.d.env.DevToolsPropertyDefaultsPostProcessor - Devtools property defaults active! Set 'spring.devtools.add-properties' to 'false' to disable
2023-07-31 09:33:28.789 [restartedMain] INFO  o.s.b.d.env.DevToolsPropertyDefaultsPostProcessor - For additional web related logging consider setting the 'logging.level.web' property to 'DEBUG'
2023-07-31 09:33:30.109 [restartedMain] INFO  o.s.d.r.config.RepositoryConfigurationDelegate - Multiple Spring Data modules found, entering strict repository configuration mode!
2023-07-31 09:33:30.112 [restartedMain] INFO  o.s.d.r.config.RepositoryConfigurationDelegate - Bootstrapping Spring Data Redis repositories in DEFAULT mode.
2023-07-31 09:33:30.152 [restartedMain] INFO  o.s.d.r.config.RepositoryConfigurationDelegate - Finished Spring Data repository scanning in 19ms. Found 0 Redis repository interfaces.
2023-07-31 09:33:31.083 [restartedMain] INFO  o.s.boot.web.embedded.tomcat.TomcatWebServer - Tomcat initialized with port(s): 8201 (http)
2023-07-31 09:33:31.099 [restartedMain] INFO  org.apache.coyote.http11.Http11NioProtocol - Initializing ProtocolHandler ["http-nio-8201"]
2023-07-31 09:33:31.100 [restartedMain] INFO  org.apache.catalina.core.StandardService - Starting service [Tomcat]
2023-07-31 09:33:31.101 [restartedMain] INFO  org.apache.catalina.core.StandardEngine - Starting Servlet engine: [Apache Tomcat/9.0.41]
2023-07-31 09:33:31.239 [restartedMain] INFO  o.a.c.core.ContainerBase.[Tomcat].[localhost].[/] - Initializing Spring embedded WebApplicationContext
2023-07-31 09:33:31.239 [restartedMain] INFO  o.s.b.w.s.c.ServletWebServerApplicationContext - Root WebApplicationContext: initialization completed in 2449 ms
2023-07-31 09:33:33.668 [restartedMain] INFO  s.d.s.w.PropertySourcedRequestMappingHandlerMapping - Mapped URL path [/v2/api-docs] onto method [springfox.documentation.swagger2.web.Swagger2Controller#getDocumentation(String, HttpServletRequest)]
2023-07-31 09:33:33.997 [restartedMain] INFO  o.s.scheduling.concurrent.ThreadPoolTaskExecutor - Initializing ExecutorService 'applicationTaskExecutor'
2023-07-31 09:33:34.076 [restartedMain] INFO  o.s.b.d.autoconfigure.OptionalLiveReloadServer - LiveReload server is running on port 35729
2023-07-31 09:33:34.932 [restartedMain] INFO  s.d.s.web.plugins.DocumentationPluginsBootstrapper - Context refreshed
2023-07-31 09:33:34.967 [restartedMain] INFO  s.d.s.web.plugins.DocumentationPluginsBootstrapper - Found 2 custom documentation plugin(s)
2023-07-31 09:33:35.028 [restartedMain] INFO  s.d.spring.web.scanners.ApiListingReferenceScanner - Scanning for api listing references
2023-07-31 09:33:35.374 [restartedMain] INFO  s.d.spring.web.scanners.ApiListingReferenceScanner - Scanning for api listing references
2023-07-31 09:33:35.384 [restartedMain] INFO  org.apache.coyote.http11.Http11NioProtocol - Starting ProtocolHandler ["http-nio-8201"]
2023-07-31 09:33:35.412 [restartedMain] INFO  o.s.boot.web.embedded.tomcat.TomcatWebServer - Tomcat started on port(s): 8201 (http) with context path ''
2023-07-31 09:33:35.415 [restartedMain] INFO  com.ean.yygh.hosp.ServiceHospApplication - Started ServiceHospApplication in 7.398 seconds (JVM running for 9.835)
2023-07-31 09:33:49.281 [http-nio-8201-exec-1] INFO  o.a.c.core.ContainerBase.[Tomcat].[localhost].[/] - Initializing Spring DispatcherServlet 'dispatcherServlet'
2023-07-31 09:33:49.282 [http-nio-8201-exec-1] INFO  org.springframework.web.servlet.DispatcherServlet - Initializing Servlet 'dispatcherServlet'
2023-07-31 09:33:49.292 [http-nio-8201-exec-1] INFO  org.springframework.web.servlet.DispatcherServlet - Completed initialization in 10 ms
2023-07-31 09:38:43.263 [http-nio-8201-exec-7] INFO  com.zaxxer.hikari.HikariDataSource - HikariPool-1 - Starting...
2023-07-31 09:38:43.445 [http-nio-8201-exec-7] INFO  com.zaxxer.hikari.HikariDataSource - HikariPool-1 - Start completed.
2023-07-31 10:02:55.648 [SpringContextShutdownHook] INFO  o.s.scheduling.concurrent.ThreadPoolTaskExecutor - Shutting down ExecutorService 'applicationTaskExecutor'
2023-07-31 10:02:55.651 [SpringContextShutdownHook] INFO  com.zaxxer.hikari.HikariDataSource - HikariPool-1 - Shutdown initiated...
2023-07-31 10:02:55.661 [SpringContextShutdownHook] INFO  com.zaxxer.hikari.HikariDataSource - HikariPool-1 - Shutdown completed.
2023-07-31 15:21:41.607 [background-preinit] INFO  org.hibernate.validator.internal.util.Version - HV000001: Hibernate Validator 6.0.21.Final
2023-07-31 15:21:41.653 [restartedMain] INFO  com.ean.yygh.hosp.ServiceHospApplication - Starting ServiceHospApplication on LAPTOP-HGHLJ3SA with PID 27216 (E:\runoob\Git-Repository\Avenuscloud\yygh_parent\service\service-hosp\target\classes started by Asphyxia in E:\runoob\Git-Repository\Avenuscloud\yygh_parent)
2023-07-31 15:21:41.653 [restartedMain] INFO  com.ean.yygh.hosp.ServiceHospApplication - The following profiles are active: dev
2023-07-31 15:21:41.702 [restartedMain] INFO  o.s.boot.devtools.restart.ChangeableUrls - The Class-Path manifest attribute in D:\apache-maven-3.8.6\mvn_reposity\com\sun\xml\bind\jaxb-impl\2.1\jaxb-impl-2.1.jar referenced one or more files that do not exist: file:/D:/apache-maven-3.8.6/mvn_reposity/com/sun/xml/bind/jaxb-impl/2.1/jaxb-api.jar,file:/D:/apache-maven-3.8.6/mvn_reposity/com/sun/xml/bind/jaxb-impl/2.1/activation.jar,file:/D:/apache-maven-3.8.6/mvn_reposity/com/sun/xml/bind/jaxb-impl/2.1/jsr173_1.0_api.jar,file:/D:/apache-maven-3.8.6/mvn_reposity/com/sun/xml/bind/jaxb-impl/2.1/jaxb1-impl.jar
2023-07-31 15:21:41.702 [restartedMain] INFO  o.s.b.d.env.DevToolsPropertyDefaultsPostProcessor - Devtools property defaults active! Set 'spring.devtools.add-properties' to 'false' to disable
2023-07-31 15:21:41.702 [restartedMain] INFO  o.s.b.d.env.DevToolsPropertyDefaultsPostProcessor - For additional web related logging consider setting the 'logging.level.web' property to 'DEBUG'
2023-07-31 15:21:42.827 [restartedMain] INFO  o.s.d.r.config.RepositoryConfigurationDelegate - Multiple Spring Data modules found, entering strict repository configuration mode!
2023-07-31 15:21:42.830 [restartedMain] INFO  o.s.d.r.config.RepositoryConfigurationDelegate - Bootstrapping Spring Data Redis repositories in DEFAULT mode.
2023-07-31 15:21:42.863 [restartedMain] INFO  o.s.d.r.config.RepositoryConfigurationDelegate - Finished Spring Data repository scanning in 14ms. Found 0 Redis repository interfaces.
2023-07-31 15:21:43.489 [restartedMain] INFO  o.s.boot.web.embedded.tomcat.TomcatWebServer - Tomcat initialized with port(s): 8201 (http)
2023-07-31 15:21:43.499 [restartedMain] INFO  org.apache.coyote.http11.Http11NioProtocol - Initializing ProtocolHandler ["http-nio-8201"]
2023-07-31 15:21:43.500 [restartedMain] INFO  org.apache.catalina.core.StandardService - Starting service [Tomcat]
2023-07-31 15:21:43.500 [restartedMain] INFO  org.apache.catalina.core.StandardEngine - Starting Servlet engine: [Apache Tomcat/9.0.41]
2023-07-31 15:21:43.588 [restartedMain] INFO  o.a.c.core.ContainerBase.[Tomcat].[localhost].[/] - Initializing Spring embedded WebApplicationContext
2023-07-31 15:21:43.589 [restartedMain] INFO  o.s.b.w.s.c.ServletWebServerApplicationContext - Root WebApplicationContext: initialization completed in 1886 ms
2023-07-31 15:21:45.486 [restartedMain] INFO  s.d.s.w.PropertySourcedRequestMappingHandlerMapping - Mapped URL path [/v2/api-docs] onto method [springfox.documentation.swagger2.web.Swagger2Controller#getDocumentation(String, HttpServletRequest)]
2023-07-31 15:21:45.592 [restartedMain] INFO  o.s.scheduling.concurrent.ThreadPoolTaskExecutor - Initializing ExecutorService 'applicationTaskExecutor'
2023-07-31 15:21:45.638 [restartedMain] INFO  o.s.b.d.autoconfigure.OptionalLiveReloadServer - LiveReload server is running on port 35729
2023-07-31 15:21:46.117 [restartedMain] INFO  s.d.s.web.plugins.DocumentationPluginsBootstrapper - Context refreshed
2023-07-31 15:21:46.137 [restartedMain] INFO  s.d.s.web.plugins.DocumentationPluginsBootstrapper - Found 2 custom documentation plugin(s)
2023-07-31 15:21:46.174 [restartedMain] INFO  s.d.spring.web.scanners.ApiListingReferenceScanner - Scanning for api listing references
2023-07-31 15:21:46.371 [restartedMain] INFO  s.d.spring.web.scanners.ApiListingReferenceScanner - Scanning for api listing references
2023-07-31 15:21:46.380 [restartedMain] INFO  org.apache.coyote.http11.Http11NioProtocol - Starting ProtocolHandler ["http-nio-8201"]
2023-07-31 15:21:46.404 [restartedMain] INFO  o.s.boot.web.embedded.tomcat.TomcatWebServer - Tomcat started on port(s): 8201 (http) with context path ''
2023-07-31 15:21:46.407 [restartedMain] INFO  com.ean.yygh.hosp.ServiceHospApplication - Started ServiceHospApplication in 5.366 seconds (JVM running for 6.904)
2023-07-31 15:32:15.351 [http-nio-8201-exec-1] INFO  o.a.c.core.ContainerBase.[Tomcat].[localhost].[/] - Initializing Spring DispatcherServlet 'dispatcherServlet'
2023-07-31 15:32:15.351 [http-nio-8201-exec-1] INFO  org.springframework.web.servlet.DispatcherServlet - Initializing Servlet 'dispatcherServlet'
2023-07-31 15:32:15.359 [http-nio-8201-exec-1] INFO  org.springframework.web.servlet.DispatcherServlet - Completed initialization in 8 ms
2023-07-31 15:32:15.507 [http-nio-8201-exec-2] INFO  com.zaxxer.hikari.HikariDataSource - HikariPool-1 - Starting...
2023-07-31 15:32:15.684 [http-nio-8201-exec-2] INFO  com.zaxxer.hikari.HikariDataSource - HikariPool-1 - Start completed.
2023-07-31 15:33:10.205 [SpringContextShutdownHook] INFO  o.s.scheduling.concurrent.ThreadPoolTaskExecutor - Shutting down ExecutorService 'applicationTaskExecutor'
2023-07-31 15:33:10.207 [SpringContextShutdownHook] INFO  com.zaxxer.hikari.HikariDataSource - HikariPool-1 - Shutdown initiated...
2023-07-31 15:33:10.215 [SpringContextShutdownHook] INFO  com.zaxxer.hikari.HikariDataSource - HikariPool-1 - Shutdown completed.
2023-07-31 15:33:16.274 [background-preinit] INFO  org.hibernate.validator.internal.util.Version - HV000001: Hibernate Validator 6.0.21.Final
2023-07-31 15:33:16.306 [restartedMain] INFO  com.ean.yygh.hosp.ServiceHospApplication - Starting ServiceHospApplication on LAPTOP-HGHLJ3SA with PID 24268 (E:\runoob\Git-Repository\Avenuscloud\yygh_parent\service\service-hosp\target\classes started by Asphyxia in E:\runoob\Git-Repository\Avenuscloud\yygh_parent)
2023-07-31 15:33:16.306 [restartedMain] INFO  com.ean.yygh.hosp.ServiceHospApplication - The following profiles are active: dev
2023-07-31 15:33:16.353 [restartedMain] INFO  o.s.boot.devtools.restart.ChangeableUrls - The Class-Path manifest attribute in D:\apache-maven-3.8.6\mvn_reposity\com\sun\xml\bind\jaxb-impl\2.1\jaxb-impl-2.1.jar referenced one or more files that do not exist: file:/D:/apache-maven-3.8.6/mvn_reposity/com/sun/xml/bind/jaxb-impl/2.1/jaxb-api.jar,file:/D:/apache-maven-3.8.6/mvn_reposity/com/sun/xml/bind/jaxb-impl/2.1/activation.jar,file:/D:/apache-maven-3.8.6/mvn_reposity/com/sun/xml/bind/jaxb-impl/2.1/jsr173_1.0_api.jar,file:/D:/apache-maven-3.8.6/mvn_reposity/com/sun/xml/bind/jaxb-impl/2.1/jaxb1-impl.jar
2023-07-31 15:33:16.353 [restartedMain] INFO  o.s.b.d.env.DevToolsPropertyDefaultsPostProcessor - Devtools property defaults active! Set 'spring.devtools.add-properties' to 'false' to disable
2023-07-31 15:33:16.353 [restartedMain] INFO  o.s.b.d.env.DevToolsPropertyDefaultsPostProcessor - For additional web related logging consider setting the 'logging.level.web' property to 'DEBUG'
2023-07-31 15:33:17.280 [restartedMain] INFO  o.s.d.r.config.RepositoryConfigurationDelegate - Multiple Spring Data modules found, entering strict repository configuration mode!
2023-07-31 15:33:17.282 [restartedMain] INFO  o.s.d.r.config.RepositoryConfigurationDelegate - Bootstrapping Spring Data Redis repositories in DEFAULT mode.
2023-07-31 15:33:17.313 [restartedMain] INFO  o.s.d.r.config.RepositoryConfigurationDelegate - Finished Spring Data repository scanning in 16ms. Found 0 Redis repository interfaces.
2023-07-31 15:33:17.859 [restartedMain] INFO  o.s.boot.web.embedded.tomcat.TomcatWebServer - Tomcat initialized with port(s): 8201 (http)
2023-07-31 15:33:17.868 [restartedMain] INFO  org.apache.coyote.http11.Http11NioProtocol - Initializing ProtocolHandler ["http-nio-8201"]
2023-07-31 15:33:17.869 [restartedMain] INFO  org.apache.catalina.core.StandardService - Starting service [Tomcat]
2023-07-31 15:33:17.869 [restartedMain] INFO  org.apache.catalina.core.StandardEngine - Starting Servlet engine: [Apache Tomcat/9.0.41]
2023-07-31 15:33:17.949 [restartedMain] INFO  o.a.c.core.ContainerBase.[Tomcat].[localhost].[/] - Initializing Spring embedded WebApplicationContext
2023-07-31 15:33:17.949 [restartedMain] INFO  o.s.b.w.s.c.ServletWebServerApplicationContext - Root WebApplicationContext: initialization completed in 1595 ms
2023-07-31 15:33:19.853 [restartedMain] INFO  s.d.s.w.PropertySourcedRequestMappingHandlerMapping - Mapped URL path [/v2/api-docs] onto method [springfox.documentation.swagger2.web.Swagger2Controller#getDocumentation(String, HttpServletRequest)]
2023-07-31 15:33:19.980 [restartedMain] INFO  o.s.scheduling.concurrent.ThreadPoolTaskExecutor - Initializing ExecutorService 'applicationTaskExecutor'
2023-07-31 15:33:20.045 [restartedMain] INFO  o.s.b.d.autoconfigure.OptionalLiveReloadServer - LiveReload server is running on port 35729
2023-07-31 15:33:20.717 [restartedMain] INFO  s.d.s.web.plugins.DocumentationPluginsBootstrapper - Context refreshed
2023-07-31 15:33:20.773 [restartedMain] INFO  s.d.s.web.plugins.DocumentationPluginsBootstrapper - Found 2 custom documentation plugin(s)
2023-07-31 15:33:20.854 [restartedMain] INFO  s.d.spring.web.scanners.ApiListingReferenceScanner - Scanning for api listing references
2023-07-31 15:33:21.131 [restartedMain] INFO  s.d.spring.web.scanners.ApiListingReferenceScanner - Scanning for api listing references
2023-07-31 15:33:21.140 [restartedMain] INFO  org.apache.coyote.http11.Http11NioProtocol - Starting ProtocolHandler ["http-nio-8201"]
2023-07-31 15:33:21.166 [restartedMain] INFO  o.s.boot.web.embedded.tomcat.TomcatWebServer - Tomcat started on port(s): 8201 (http) with context path ''
2023-07-31 15:33:21.169 [restartedMain] INFO  com.ean.yygh.hosp.ServiceHospApplication - Started ServiceHospApplication in 5.439 seconds (JVM running for 6.724)
2023-07-31 15:42:47.829 [http-nio-8201-exec-1] INFO  o.a.c.core.ContainerBase.[Tomcat].[localhost].[/] - Initializing Spring DispatcherServlet 'dispatcherServlet'
2023-07-31 15:42:47.830 [http-nio-8201-exec-1] INFO  org.springframework.web.servlet.DispatcherServlet - Initializing Servlet 'dispatcherServlet'
2023-07-31 15:42:47.839 [http-nio-8201-exec-1] INFO  org.springframework.web.servlet.DispatcherServlet - Completed initialization in 9 ms
2023-07-31 15:42:47.969 [http-nio-8201-exec-1] INFO  com.zaxxer.hikari.HikariDataSource - HikariPool-1 - Starting...
2023-07-31 15:42:48.124 [http-nio-8201-exec-1] INFO  com.zaxxer.hikari.HikariDataSource - HikariPool-1 - Start completed.
2023-07-31 17:26:28.931 [SpringContextShutdownHook] INFO  o.s.scheduling.concurrent.ThreadPoolTaskExecutor - Shutting down ExecutorService 'applicationTaskExecutor'
2023-07-31 17:26:28.935 [SpringContextShutdownHook] INFO  com.zaxxer.hikari.HikariDataSource - HikariPool-1 - Shutdown initiated...
2023-07-31 17:26:28.939 [SpringContextShutdownHook] INFO  com.zaxxer.hikari.HikariDataSource - HikariPool-1 - Shutdown completed.
