2023-07-21 11:02:54.231 [background-preinit] INFO  org.hibernate.validator.internal.util.Version - HV000001: Hibernate Validator 6.0.21.Final
2023-07-21 11:02:54.277 [restartedMain] INFO  com.ean.yygh.hosp.ServiceHospApplication - Starting ServiceHospApplication on LAPTOP-HGHLJ3SA with PID 6288 (E:\runoob\Git-Repository\Avenuscloud\yygh_parent\service\service-hosp\target\classes started by Asphyxia in E:\runoob\Git-Repository\Avenuscloud\yygh_parent)
2023-07-21 11:02:54.278 [restartedMain] INFO  com.ean.yygh.hosp.ServiceHospApplication - The following profiles are active: dev
2023-07-21 11:02:54.328 [restartedMain] INFO  o.s.boot.devtools.restart.ChangeableUrls - The Class-Path manifest attribute in D:\apache-maven-3.8.6\mvn_reposity\com\sun\xml\bind\jaxb-impl\2.1\jaxb-impl-2.1.jar referenced one or more files that do not exist: file:/D:/apache-maven-3.8.6/mvn_reposity/com/sun/xml/bind/jaxb-impl/2.1/jaxb-api.jar,file:/D:/apache-maven-3.8.6/mvn_reposity/com/sun/xml/bind/jaxb-impl/2.1/activation.jar,file:/D:/apache-maven-3.8.6/mvn_reposity/com/sun/xml/bind/jaxb-impl/2.1/jsr173_1.0_api.jar,file:/D:/apache-maven-3.8.6/mvn_reposity/com/sun/xml/bind/jaxb-impl/2.1/jaxb1-impl.jar
2023-07-21 11:02:54.329 [restartedMain] INFO  o.s.b.d.env.DevToolsPropertyDefaultsPostProcessor - Devtools property defaults active! Set 'spring.devtools.add-properties' to 'false' to disable
2023-07-21 11:02:54.329 [restartedMain] INFO  o.s.b.d.env.DevToolsPropertyDefaultsPostProcessor - For additional web related logging consider setting the 'logging.level.web' property to 'DEBUG'
2023-07-21 11:02:55.317 [restartedMain] INFO  o.s.d.r.config.RepositoryConfigurationDelegate - Multiple Spring Data modules found, entering strict repository configuration mode!
2023-07-21 11:02:55.319 [restartedMain] INFO  o.s.d.r.config.RepositoryConfigurationDelegate - Bootstrapping Spring Data Redis repositories in DEFAULT mode.
2023-07-21 11:02:55.350 [restartedMain] INFO  o.s.d.r.config.RepositoryConfigurationDelegate - Finished Spring Data repository scanning in 15ms. Found 0 Redis repository interfaces.
2023-07-21 11:02:55.919 [restartedMain] INFO  o.s.boot.web.embedded.tomcat.TomcatWebServer - Tomcat initialized with port(s): 8201 (http)
2023-07-21 11:02:55.929 [restartedMain] INFO  org.apache.coyote.http11.Http11NioProtocol - Initializing ProtocolHandler ["http-nio-8201"]
2023-07-21 11:02:55.930 [restartedMain] INFO  org.apache.catalina.core.StandardService - Starting service [Tomcat]
2023-07-21 11:02:55.930 [restartedMain] INFO  org.apache.catalina.core.StandardEngine - Starting Servlet engine: [Apache Tomcat/9.0.41]
2023-07-21 11:02:56.013 [restartedMain] INFO  o.a.c.core.ContainerBase.[Tomcat].[localhost].[/] - Initializing Spring embedded WebApplicationContext
2023-07-21 11:02:56.013 [restartedMain] INFO  o.s.b.w.s.c.ServletWebServerApplicationContext - Root WebApplicationContext: initialization completed in 1683 ms
2023-07-21 11:02:57.847 [restartedMain] INFO  s.d.s.w.PropertySourcedRequestMappingHandlerMapping - Mapped URL path [/v2/api-docs] onto method [springfox.documentation.swagger2.web.Swagger2Controller#getDocumentation(String, HttpServletRequest)]
2023-07-21 11:02:57.942 [restartedMain] INFO  o.s.scheduling.concurrent.ThreadPoolTaskExecutor - Initializing ExecutorService 'applicationTaskExecutor'
2023-07-21 11:02:57.983 [restartedMain] INFO  o.s.b.d.autoconfigure.OptionalLiveReloadServer - LiveReload server is running on port 35729
2023-07-21 11:02:58.423 [restartedMain] INFO  s.d.s.web.plugins.DocumentationPluginsBootstrapper - Context refreshed
2023-07-21 11:02:58.442 [restartedMain] INFO  s.d.s.web.plugins.DocumentationPluginsBootstrapper - Found 2 custom documentation plugin(s)
2023-07-21 11:02:58.477 [restartedMain] INFO  s.d.spring.web.scanners.ApiListingReferenceScanner - Scanning for api listing references
2023-07-21 11:02:58.647 [restartedMain] INFO  s.d.spring.web.scanners.ApiListingReferenceScanner - Scanning for api listing references
2023-07-21 11:02:58.656 [restartedMain] INFO  org.apache.coyote.http11.Http11NioProtocol - Starting ProtocolHandler ["http-nio-8201"]
2023-07-21 11:02:58.678 [restartedMain] INFO  o.s.boot.web.embedded.tomcat.TomcatWebServer - Tomcat started on port(s): 8201 (http) with context path ''
2023-07-21 11:02:58.681 [restartedMain] INFO  com.ean.yygh.hosp.ServiceHospApplication - Started ServiceHospApplication in 4.984 seconds (JVM running for 6.4)
2023-07-21 11:12:12.926 [http-nio-8201-exec-1] INFO  o.a.c.core.ContainerBase.[Tomcat].[localhost].[/] - Initializing Spring DispatcherServlet 'dispatcherServlet'
2023-07-21 11:12:12.927 [http-nio-8201-exec-1] INFO  org.springframework.web.servlet.DispatcherServlet - Initializing Servlet 'dispatcherServlet'
2023-07-21 11:12:12.936 [http-nio-8201-exec-1] INFO  org.springframework.web.servlet.DispatcherServlet - Completed initialization in 9 ms
2023-07-21 11:12:29.669 [http-nio-8201-exec-3] INFO  com.zaxxer.hikari.HikariDataSource - HikariPool-1 - Starting...
2023-07-21 11:12:29.825 [http-nio-8201-exec-3] INFO  com.zaxxer.hikari.HikariDataSource - HikariPool-1 - Start completed.
2023-07-21 13:54:30.585 [SpringContextShutdownHook] INFO  o.s.scheduling.concurrent.ThreadPoolTaskExecutor - Shutting down ExecutorService 'applicationTaskExecutor'
2023-07-21 13:54:30.589 [SpringContextShutdownHook] INFO  com.zaxxer.hikari.HikariDataSource - HikariPool-1 - Shutdown initiated...
2023-07-21 13:54:30.596 [SpringContextShutdownHook] INFO  com.zaxxer.hikari.HikariDataSource - HikariPool-1 - Shutdown completed.
2023-07-21 13:54:37.495 [background-preinit] INFO  org.hibernate.validator.internal.util.Version - HV000001: Hibernate Validator 6.0.21.Final
2023-07-21 13:54:37.533 [restartedMain] INFO  com.ean.yygh.hosp.ServiceHospApplication - Starting ServiceHospApplication on LAPTOP-HGHLJ3SA with PID 20028 (E:\runoob\Git-Repository\Avenuscloud\yygh_parent\service\service-hosp\target\classes started by Asphyxia in E:\runoob\Git-Repository\Avenuscloud\yygh_parent)
2023-07-21 13:54:37.534 [restartedMain] INFO  com.ean.yygh.hosp.ServiceHospApplication - The following profiles are active: dev
2023-07-21 13:54:37.594 [restartedMain] INFO  o.s.boot.devtools.restart.ChangeableUrls - The Class-Path manifest attribute in D:\apache-maven-3.8.6\mvn_reposity\com\sun\xml\bind\jaxb-impl\2.1\jaxb-impl-2.1.jar referenced one or more files that do not exist: file:/D:/apache-maven-3.8.6/mvn_reposity/com/sun/xml/bind/jaxb-impl/2.1/jaxb-api.jar,file:/D:/apache-maven-3.8.6/mvn_reposity/com/sun/xml/bind/jaxb-impl/2.1/activation.jar,file:/D:/apache-maven-3.8.6/mvn_reposity/com/sun/xml/bind/jaxb-impl/2.1/jsr173_1.0_api.jar,file:/D:/apache-maven-3.8.6/mvn_reposity/com/sun/xml/bind/jaxb-impl/2.1/jaxb1-impl.jar
2023-07-21 13:54:37.595 [restartedMain] INFO  o.s.b.d.env.DevToolsPropertyDefaultsPostProcessor - Devtools property defaults active! Set 'spring.devtools.add-properties' to 'false' to disable
2023-07-21 13:54:37.595 [restartedMain] INFO  o.s.b.d.env.DevToolsPropertyDefaultsPostProcessor - For additional web related logging consider setting the 'logging.level.web' property to 'DEBUG'
2023-07-21 13:54:38.551 [restartedMain] INFO  o.s.d.r.config.RepositoryConfigurationDelegate - Multiple Spring Data modules found, entering strict repository configuration mode!
2023-07-21 13:54:38.553 [restartedMain] INFO  o.s.d.r.config.RepositoryConfigurationDelegate - Bootstrapping Spring Data Redis repositories in DEFAULT mode.
2023-07-21 13:54:38.580 [restartedMain] INFO  o.s.d.r.config.RepositoryConfigurationDelegate - Finished Spring Data repository scanning in 14ms. Found 0 Redis repository interfaces.
2023-07-21 13:54:39.154 [restartedMain] INFO  o.s.boot.web.embedded.tomcat.TomcatWebServer - Tomcat initialized with port(s): 8201 (http)
2023-07-21 13:54:39.163 [restartedMain] INFO  org.apache.coyote.http11.Http11NioProtocol - Initializing ProtocolHandler ["http-nio-8201"]
2023-07-21 13:54:39.163 [restartedMain] INFO  org.apache.catalina.core.StandardService - Starting service [Tomcat]
2023-07-21 13:54:39.164 [restartedMain] INFO  org.apache.catalina.core.StandardEngine - Starting Servlet engine: [Apache Tomcat/9.0.41]
2023-07-21 13:54:39.253 [restartedMain] INFO  o.a.c.core.ContainerBase.[Tomcat].[localhost].[/] - Initializing Spring embedded WebApplicationContext
2023-07-21 13:54:39.253 [restartedMain] INFO  o.s.b.w.s.c.ServletWebServerApplicationContext - Root WebApplicationContext: initialization completed in 1657 ms
2023-07-21 13:54:41.120 [restartedMain] INFO  s.d.s.w.PropertySourcedRequestMappingHandlerMapping - Mapped URL path [/v2/api-docs] onto method [springfox.documentation.swagger2.web.Swagger2Controller#getDocumentation(String, HttpServletRequest)]
2023-07-21 13:54:41.215 [restartedMain] INFO  o.s.scheduling.concurrent.ThreadPoolTaskExecutor - Initializing ExecutorService 'applicationTaskExecutor'
2023-07-21 13:54:41.254 [restartedMain] INFO  o.s.b.d.autoconfigure.OptionalLiveReloadServer - LiveReload server is running on port 35729
2023-07-21 13:54:41.661 [restartedMain] INFO  s.d.s.web.plugins.DocumentationPluginsBootstrapper - Context refreshed
2023-07-21 13:54:41.678 [restartedMain] INFO  s.d.s.web.plugins.DocumentationPluginsBootstrapper - Found 2 custom documentation plugin(s)
2023-07-21 13:54:41.712 [restartedMain] INFO  s.d.spring.web.scanners.ApiListingReferenceScanner - Scanning for api listing references
2023-07-21 13:54:41.887 [restartedMain] INFO  s.d.spring.web.scanners.ApiListingReferenceScanner - Scanning for api listing references
2023-07-21 13:54:41.895 [restartedMain] INFO  org.apache.coyote.http11.Http11NioProtocol - Starting ProtocolHandler ["http-nio-8201"]
2023-07-21 13:54:41.917 [restartedMain] INFO  o.s.boot.web.embedded.tomcat.TomcatWebServer - Tomcat started on port(s): 8201 (http) with context path ''
2023-07-21 13:54:41.920 [restartedMain] INFO  com.ean.yygh.hosp.ServiceHospApplication - Started ServiceHospApplication in 5.034 seconds (JVM running for 6.405)
2023-07-21 13:54:55.832 [http-nio-8201-exec-1] INFO  o.a.c.core.ContainerBase.[Tomcat].[localhost].[/] - Initializing Spring DispatcherServlet 'dispatcherServlet'
2023-07-21 13:54:55.832 [http-nio-8201-exec-1] INFO  org.springframework.web.servlet.DispatcherServlet - Initializing Servlet 'dispatcherServlet'
2023-07-21 13:54:55.856 [http-nio-8201-exec-1] INFO  org.springframework.web.servlet.DispatcherServlet - Completed initialization in 24 ms
2023-07-21 13:54:56.013 [http-nio-8201-exec-2] INFO  com.zaxxer.hikari.HikariDataSource - HikariPool-1 - Starting...
2023-07-21 13:54:56.167 [http-nio-8201-exec-2] INFO  com.zaxxer.hikari.HikariDataSource - HikariPool-1 - Start completed.
2023-07-21 15:06:18.156 [SpringContextShutdownHook] INFO  o.s.scheduling.concurrent.ThreadPoolTaskExecutor - Shutting down ExecutorService 'applicationTaskExecutor'
2023-07-21 15:06:18.160 [SpringContextShutdownHook] INFO  com.zaxxer.hikari.HikariDataSource - HikariPool-1 - Shutdown initiated...
2023-07-21 15:06:18.164 [SpringContextShutdownHook] INFO  com.zaxxer.hikari.HikariDataSource - HikariPool-1 - Shutdown completed.
2023-07-21 15:45:08.275 [background-preinit] INFO  org.hibernate.validator.internal.util.Version - HV000001: Hibernate Validator 6.0.21.Final
2023-07-21 15:45:08.307 [restartedMain] INFO  com.ean.yygh.hosp.ServiceHospApplication - Starting ServiceHospApplication on LAPTOP-HGHLJ3SA with PID 23600 (E:\runoob\Git-Repository\Avenuscloud\yygh_parent\service\service-hosp\target\classes started by Asphyxia in E:\runoob\Git-Repository\Avenuscloud\yygh_parent)
2023-07-21 15:45:08.308 [restartedMain] INFO  com.ean.yygh.hosp.ServiceHospApplication - The following profiles are active: dev
2023-07-21 15:45:08.353 [restartedMain] INFO  o.s.boot.devtools.restart.ChangeableUrls - The Class-Path manifest attribute in D:\apache-maven-3.8.6\mvn_reposity\com\sun\xml\bind\jaxb-impl\2.1\jaxb-impl-2.1.jar referenced one or more files that do not exist: file:/D:/apache-maven-3.8.6/mvn_reposity/com/sun/xml/bind/jaxb-impl/2.1/jaxb-api.jar,file:/D:/apache-maven-3.8.6/mvn_reposity/com/sun/xml/bind/jaxb-impl/2.1/activation.jar,file:/D:/apache-maven-3.8.6/mvn_reposity/com/sun/xml/bind/jaxb-impl/2.1/jsr173_1.0_api.jar,file:/D:/apache-maven-3.8.6/mvn_reposity/com/sun/xml/bind/jaxb-impl/2.1/jaxb1-impl.jar
2023-07-21 15:45:08.353 [restartedMain] INFO  o.s.b.d.env.DevToolsPropertyDefaultsPostProcessor - Devtools property defaults active! Set 'spring.devtools.add-properties' to 'false' to disable
2023-07-21 15:45:08.354 [restartedMain] INFO  o.s.b.d.env.DevToolsPropertyDefaultsPostProcessor - For additional web related logging consider setting the 'logging.level.web' property to 'DEBUG'
2023-07-21 15:45:09.242 [restartedMain] INFO  o.s.d.r.config.RepositoryConfigurationDelegate - Multiple Spring Data modules found, entering strict repository configuration mode!
2023-07-21 15:45:09.244 [restartedMain] INFO  o.s.d.r.config.RepositoryConfigurationDelegate - Bootstrapping Spring Data Redis repositories in DEFAULT mode.
2023-07-21 15:45:09.270 [restartedMain] INFO  o.s.d.r.config.RepositoryConfigurationDelegate - Finished Spring Data repository scanning in 14ms. Found 0 Redis repository interfaces.
2023-07-21 15:45:09.807 [restartedMain] INFO  o.s.boot.web.embedded.tomcat.TomcatWebServer - Tomcat initialized with port(s): 8201 (http)
2023-07-21 15:45:09.815 [restartedMain] INFO  org.apache.coyote.http11.Http11NioProtocol - Initializing ProtocolHandler ["http-nio-8201"]
2023-07-21 15:45:09.815 [restartedMain] INFO  org.apache.catalina.core.StandardService - Starting service [Tomcat]
2023-07-21 15:45:09.815 [restartedMain] INFO  org.apache.catalina.core.StandardEngine - Starting Servlet engine: [Apache Tomcat/9.0.41]
2023-07-21 15:45:09.896 [restartedMain] INFO  o.a.c.core.ContainerBase.[Tomcat].[localhost].[/] - Initializing Spring embedded WebApplicationContext
2023-07-21 15:45:09.896 [restartedMain] INFO  o.s.b.w.s.c.ServletWebServerApplicationContext - Root WebApplicationContext: initialization completed in 1542 ms
2023-07-21 15:45:11.720 [restartedMain] INFO  s.d.s.w.PropertySourcedRequestMappingHandlerMapping - Mapped URL path [/v2/api-docs] onto method [springfox.documentation.swagger2.web.Swagger2Controller#getDocumentation(String, HttpServletRequest)]
2023-07-21 15:45:11.819 [restartedMain] INFO  o.s.scheduling.concurrent.ThreadPoolTaskExecutor - Initializing ExecutorService 'applicationTaskExecutor'
2023-07-21 15:45:11.854 [restartedMain] INFO  o.s.b.d.autoconfigure.OptionalLiveReloadServer - LiveReload server is running on port 35729
2023-07-21 15:45:12.254 [restartedMain] INFO  s.d.s.web.plugins.DocumentationPluginsBootstrapper - Context refreshed
2023-07-21 15:45:12.272 [restartedMain] INFO  s.d.s.web.plugins.DocumentationPluginsBootstrapper - Found 2 custom documentation plugin(s)
2023-07-21 15:45:12.306 [restartedMain] INFO  s.d.spring.web.scanners.ApiListingReferenceScanner - Scanning for api listing references
2023-07-21 15:45:12.501 [restartedMain] INFO  s.d.spring.web.scanners.ApiListingReferenceScanner - Scanning for api listing references
2023-07-21 15:45:12.509 [restartedMain] INFO  org.apache.coyote.http11.Http11NioProtocol - Starting ProtocolHandler ["http-nio-8201"]
2023-07-21 15:45:12.533 [restartedMain] INFO  o.s.boot.web.embedded.tomcat.TomcatWebServer - Tomcat started on port(s): 8201 (http) with context path ''
2023-07-21 15:45:12.536 [restartedMain] INFO  com.ean.yygh.hosp.ServiceHospApplication - Started ServiceHospApplication in 4.806 seconds (JVM running for 6.183)
2023-07-21 15:57:43.607 [http-nio-8201-exec-1] INFO  o.a.c.core.ContainerBase.[Tomcat].[localhost].[/] - Initializing Spring DispatcherServlet 'dispatcherServlet'
2023-07-21 15:57:43.608 [http-nio-8201-exec-1] INFO  org.springframework.web.servlet.DispatcherServlet - Initializing Servlet 'dispatcherServlet'
2023-07-21 15:57:43.617 [http-nio-8201-exec-1] INFO  org.springframework.web.servlet.DispatcherServlet - Completed initialization in 9 ms
2023-07-21 15:57:43.754 [http-nio-8201-exec-2] INFO  com.zaxxer.hikari.HikariDataSource - HikariPool-1 - Starting...
2023-07-21 15:57:43.907 [http-nio-8201-exec-2] INFO  com.zaxxer.hikari.HikariDataSource - HikariPool-1 - Start completed.
